<?xml version="1.0" encoding="UTF-8"?>
<testsuite name="CeaserCipherTest" tests="2" skipped="0" failures="0" errors="0" timestamp="2019-05-10T13:56:45" hostname="abigail-Satellite-C55-A" time="0.043">
  <properties/>
  <testcase name="runDecrypt_ableTo_decrypt" classname="CeaserCipherTest" time="0.04"/>
  <testcase name="isEncrypt_ableTo_encrypt" classname="CeaserCipherTest" time="0.002"/>
  <system-out><![CDATA[]]></system-out>
  <system-err><![CDATA[]]></system-err>
</testsuite>
